<?xml version="1.0" encoding="UTF-8"?>
<testng-results skipped="0" failed="0" ignored="0" total="2" passed="2">
  <reporter-output>
    <line>
      <![CDATA[Setting up report and test is ready]]>
    </line>
    <line>
      <![CDATA[setting is done and test started]]>
    </line>
    <line>
      <![CDATA[Try to start browser]]>
    </line>
    <line>
      <![CDATA[browser and application start running]]>
    </line>
    <line>
      <![CDATA[Test is about to end]]>
    </line>
    <line>
      <![CDATA[Test completed>>reports generated]]>
    </line>
    <line>
      <![CDATA[Test is about to end]]>
    </line>
    <line>
      <![CDATA[Test completed>>reports generated]]>
    </line>
  </reporter-output>
  <suite name="Suite" duration-ms="29792" started-at="2020-10-15T03:56:34Z" finished-at="2020-10-15T03:57:04Z">
    <groups>
    </groups>
    <test name="Test" duration-ms="29792" started-at="2020-10-15T03:56:34Z" finished-at="2020-10-15T03:57:04Z">
      <class name="com.testcases.Logintest">
        <test-method status="PASS" signature="setupsuite()[pri:0, instance:com.testcases.Logintest@d4342c2]" name="setupsuite" is-config="true" duration-ms="553" started-at="2020-10-15T09:26:34Z" finished-at="2020-10-15T09:26:34Z">
          <reporter-output>
            <line>
              <![CDATA[Setting up report and test is ready]]>
            </line>
            <line>
              <![CDATA[setting is done and test started]]>
            </line>
          </reporter-output>
        </test-method> <!-- setupsuite -->
        <test-method status="PASS" signature="startup()[pri:0, instance:com.testcases.Logintest@d4342c2]" name="startup" is-config="true" duration-ms="16450" started-at="2020-10-15T09:26:34Z" finished-at="2020-10-15T09:26:51Z">
          <reporter-output>
            <line>
              <![CDATA[Try to start browser]]>
            </line>
            <line>
              <![CDATA[browser and application start running]]>
            </line>
          </reporter-output>
        </test-method> <!-- startup -->
        <test-method status="PASS" signature="bcqamlogin()[pri:1, instance:com.testcases.Logintest@d4342c2]" name="bcqamlogin" duration-ms="4298" started-at="2020-10-15T09:26:51Z" finished-at="2020-10-15T09:26:55Z">
          <reporter-output>
          </reporter-output>
        </test-method> <!-- bcqamlogin -->
        <test-method status="PASS" signature="teardownmethod(org.testng.ITestResult)[pri:0, instance:com.testcases.Logintest@d4342c2]" name="teardownmethod" is-config="true" duration-ms="8564" started-at="2020-10-15T09:26:55Z" finished-at="2020-10-15T09:27:04Z">
          <params>
            <param index="0">
              <value>
                <![CDATA[[TestResult name=bcqamlogin status=SUCCESS method=Logintest.bcqamlogin()[pri:1, instance:com.testcases.Logintest@d4342c2] output={null}]]]>
              </value>
            </param>
          </params>
          <reporter-output>
            <line>
              <![CDATA[Test is about to end]]>
            </line>
            <line>
              <![CDATA[Test completed>>reports generated]]>
            </line>
          </reporter-output>
        </test-method> <!-- teardownmethod -->
        <test-method status="PASS" signature="bcqamlogout()[pri:2, instance:com.testcases.Logintest@d4342c2]" name="bcqamlogout" duration-ms="7" started-at="2020-10-15T09:27:04Z" finished-at="2020-10-15T09:27:04Z">
          <reporter-output>
          </reporter-output>
        </test-method> <!-- bcqamlogout -->
        <test-method status="PASS" signature="teardownmethod(org.testng.ITestResult)[pri:0, instance:com.testcases.Logintest@d4342c2]" name="teardownmethod" is-config="true" duration-ms="428" started-at="2020-10-15T09:27:04Z" finished-at="2020-10-15T09:27:04Z">
          <params>
            <param index="0">
              <value>
                <![CDATA[[TestResult name=bcqamlogout status=SUCCESS method=Logintest.bcqamlogout()[pri:2, instance:com.testcases.Logintest@d4342c2] output={null}]]]>
              </value>
            </param>
          </params>
          <reporter-output>
            <line>
              <![CDATA[Test is about to end]]>
            </line>
            <line>
              <![CDATA[Test completed>>reports generated]]>
            </line>
          </reporter-output>
        </test-method> <!-- teardownmethod -->
        <test-method status="PASS" signature="teardown()[pri:0, instance:com.testcases.Logintest@d4342c2]" name="teardown" is-config="true" duration-ms="1" started-at="2020-10-15T09:27:04Z" finished-at="2020-10-15T09:27:04Z">
          <reporter-output>
          </reporter-output>
        </test-method> <!-- teardown -->
      </class> <!-- com.testcases.Logintest -->
    </test> <!-- Test -->
  </suite> <!-- Suite -->
</testng-results>
